[09-Mar-2021 11:59:51 Europe/Kiev] PHP Fatal error:  Uncaught Error: Class 'ContactsController' not found in C:\xampp\htdocs\project.com\core\Router.php:31
Stack trace:
#0 C:\xampp\htdocs\project.com\core\Router.php(41): initController('C:\\xampp\\htdocs...', 'ContactsControl...', 'index')
#1 C:\xampp\htdocs\project.com\bootstrap\app.php(42): require_once('C:\\xampp\\htdocs...')
#2 C:\xampp\htdocs\project.com\public\index.php(2): require_once('C:\\xampp\\htdocs...')
#3 {main}
  thrown in C:\xampp\htdocs\project.com\core\Router.php on line 31
[09-Mar-2021 12:06:23 Europe/Kiev] PHP Fatal error:  Uncaught Error: Class 'ReviewsController' not found in C:\xampp\htdocs\project.com\core\Router.php:31
Stack trace:
#0 C:\xampp\htdocs\project.com\core\Router.php(41): initController('C:\\xampp\\htdocs...', 'ReviewsControll...', 'index')
#1 C:\xampp\htdocs\project.com\bootstrap\app.php(42): require_once('C:\\xampp\\htdocs...')
#2 C:\xampp\htdocs\project.com\public\index.php(2): require_once('C:\\xampp\\htdocs...')
#3 {main}
  thrown in C:\xampp\htdocs\project.com\core\Router.php on line 31
[09-Mar-2021 12:14:08 Europe/Kiev] PHP Fatal error:  Uncaught Error: Call to undefined method ReviewsController::index() in C:\xampp\htdocs\project.com\core\Router.php:32
Stack trace:
#0 C:\xampp\htdocs\project.com\core\Router.php(41): initController('C:\\xampp\\htdocs...', Object(ReviewsController), 'index')
#1 C:\xampp\htdocs\project.com\bootstrap\app.php(42): require_once('C:\\xampp\\htdocs...')
#2 C:\xampp\htdocs\project.com\public\index.php(2): require_once('C:\\xampp\\htdocs...')
#3 {main}
  thrown in C:\xampp\htdocs\project.com\core\Router.php on line 32
[09-Mar-2021 12:14:13 Europe/Kiev] PHP Notice:  compact(): Undefined variable: title in C:\xampp\htdocs\project.com\app\Controllers\ContactsController.php on line 7
[09-Mar-2021 12:14:13 Europe/Kiev] PHP Notice:  compact(): Undefined variable: subtitle in C:\xampp\htdocs\project.com\app\Controllers\ContactsController.php on line 7
[09-Mar-2021 12:14:13 Europe/Kiev] PHP Notice:  compact(): Undefined variable: address in C:\xampp\htdocs\project.com\app\Controllers\ContactsController.php on line 7
[09-Mar-2021 12:14:13 Europe/Kiev] PHP Notice:  compact(): Undefined variable: messages in C:\xampp\htdocs\project.com\app\Controllers\ContactsController.php on line 7
[09-Mar-2021 12:14:13 Europe/Kiev] PHP Notice:  compact(): Undefined variable: Home Page Class in C:\xampp\htdocs\project.com\app\Controllers\ContactsController.php on line 7
[09-Mar-2021 12:14:13 Europe/Kiev] PHP Fatal error:  Uncaught Error: Call to undefined method ContactsController::index() in C:\xampp\htdocs\project.com\core\Router.php:32
Stack trace:
#0 C:\xampp\htdocs\project.com\core\Router.php(41): initController('C:\\xampp\\htdocs...', Object(ContactsController), 'index')
#1 C:\xampp\htdocs\project.com\bootstrap\app.php(42): require_once('C:\\xampp\\htdocs...')
#2 C:\xampp\htdocs\project.com\public\index.php(2): require_once('C:\\xampp\\htdocs...')
#3 {main}
  thrown in C:\xampp\htdocs\project.com\core\Router.php on line 32
[09-Mar-2021 12:14:18 Europe/Kiev] PHP Fatal error:  Uncaught Error: Call to undefined method ReviewsController::index() in C:\xampp\htdocs\project.com\core\Router.php:32
Stack trace:
#0 C:\xampp\htdocs\project.com\core\Router.php(41): initController('C:\\xampp\\htdocs...', Object(ReviewsController), 'index')
#1 C:\xampp\htdocs\project.com\bootstrap\app.php(42): require_once('C:\\xampp\\htdocs...')
#2 C:\xampp\htdocs\project.com\public\index.php(2): require_once('C:\\xampp\\htdocs...')
#3 {main}
  thrown in C:\xampp\htdocs\project.com\core\Router.php on line 32
[09-Mar-2021 12:24:32 Europe/Kiev] PHP Notice:  compact(): Undefined variable: title in C:\xampp\htdocs\project.com\app\Controllers\ContactsController.php on line 11
[09-Mar-2021 12:24:32 Europe/Kiev] PHP Notice:  compact(): Undefined variable: subtitle in C:\xampp\htdocs\project.com\app\Controllers\ContactsController.php on line 11
[09-Mar-2021 12:24:32 Europe/Kiev] PHP Notice:  compact(): Undefined variable: address in C:\xampp\htdocs\project.com\app\Controllers\ContactsController.php on line 11
[09-Mar-2021 12:24:32 Europe/Kiev] PHP Notice:  compact(): Undefined variable: messages in C:\xampp\htdocs\project.com\app\Controllers\ContactsController.php on line 11
[09-Mar-2021 12:24:32 Europe/Kiev] PHP Notice:  compact(): Undefined variable: Contact Page Class in C:\xampp\htdocs\project.com\app\Controllers\ContactsController.php on line 11
[09-Mar-2021 12:24:32 Europe/Kiev] PHP Notice:  Undefined variable: subtitle in C:\xampp\htdocs\project.com\app\Views\contacts\index.php on line 6
[09-Mar-2021 12:24:32 Europe/Kiev] PHP Notice:  Undefined variable: title in C:\xampp\htdocs\project.com\app\Views\contacts\index.php on line 28
[09-Mar-2021 12:30:30 Europe/Kiev] PHP Notice:  compact(): Undefined variable: title in C:\xampp\htdocs\project.com\app\Controllers\ContactsController.php on line 11
[09-Mar-2021 12:30:30 Europe/Kiev] PHP Notice:  compact(): Undefined variable: subtitle in C:\xampp\htdocs\project.com\app\Controllers\ContactsController.php on line 11
[09-Mar-2021 12:30:30 Europe/Kiev] PHP Notice:  compact(): Undefined variable: address in C:\xampp\htdocs\project.com\app\Controllers\ContactsController.php on line 11
[09-Mar-2021 12:30:31 Europe/Kiev] PHP Notice:  compact(): Undefined variable: messages in C:\xampp\htdocs\project.com\app\Controllers\ContactsController.php on line 11
[09-Mar-2021 12:30:31 Europe/Kiev] PHP Notice:  compact(): Undefined variable: Contact Page Class in C:\xampp\htdocs\project.com\app\Controllers\ContactsController.php on line 11
[09-Mar-2021 12:30:31 Europe/Kiev] PHP Notice:  Undefined variable: subtitle in C:\xampp\htdocs\project.com\app\Views\contacts\index.php on line 6
[09-Mar-2021 12:30:31 Europe/Kiev] PHP Notice:  Undefined variable: title in C:\xampp\htdocs\project.com\app\Views\contacts\index.php on line 28
[09-Mar-2021 12:31:01 Europe/Kiev] PHP Notice:  compact(): Undefined variable: title in C:\xampp\htdocs\project.com\app\Controllers\ContactsController.php on line 11
[09-Mar-2021 12:31:01 Europe/Kiev] PHP Notice:  compact(): Undefined variable: subtitle in C:\xampp\htdocs\project.com\app\Controllers\ContactsController.php on line 11
[09-Mar-2021 12:31:01 Europe/Kiev] PHP Notice:  compact(): Undefined variable: address in C:\xampp\htdocs\project.com\app\Controllers\ContactsController.php on line 11
[09-Mar-2021 12:31:01 Europe/Kiev] PHP Notice:  compact(): Undefined variable: messages in C:\xampp\htdocs\project.com\app\Controllers\ContactsController.php on line 11
[09-Mar-2021 12:31:01 Europe/Kiev] PHP Notice:  compact(): Undefined variable: Contact Page Class in C:\xampp\htdocs\project.com\app\Controllers\ContactsController.php on line 11
[11-Mar-2021 19:52:24 Europe/Kiev] PHP Warning:  include_once(C:\xampp\htdocs\project.com/app/Controllers/ErrorController.php): failed to open stream: No such file or directory in C:\xampp\htdocs\project.com\core\Router.php on line 55
[11-Mar-2021 19:52:24 Europe/Kiev] PHP Warning:  include_once(): Failed opening 'C:\xampp\htdocs\project.com/app/Controllers/ErrorController.php' for inclusion (include_path='C:\xampp\php\PEAR') in C:\xampp\htdocs\project.com\core\Router.php on line 55
[11-Mar-2021 19:52:26 Europe/Kiev] PHP Warning:  include_once(C:\xampp\htdocs\project.com/app/Controllers/ErrorController.php): failed to open stream: No such file or directory in C:\xampp\htdocs\project.com\core\Router.php on line 55
[11-Mar-2021 19:52:26 Europe/Kiev] PHP Warning:  include_once(): Failed opening 'C:\xampp\htdocs\project.com/app/Controllers/ErrorController.php' for inclusion (include_path='C:\xampp\php\PEAR') in C:\xampp\htdocs\project.com\core\Router.php on line 55
[11-Mar-2021 19:54:40 Europe/Kiev] PHP Warning:  include_once(C:\xampp\htdocs\project.com/app/Controllers/ErrorController.php): failed to open stream: No such file or directory in C:\xampp\htdocs\project.com\core\Router.php on line 55
[11-Mar-2021 19:54:40 Europe/Kiev] PHP Warning:  include_once(): Failed opening 'C:\xampp\htdocs\project.com/app/Controllers/ErrorController.php' for inclusion (include_path='C:\xampp\php\PEAR') in C:\xampp\htdocs\project.com\core\Router.php on line 55
[11-Mar-2021 19:56:04 Europe/Kiev] PHP Warning:  include_once(C:\xampp\htdocs\project.com/app/Controllers/ErrorController.php): failed to open stream: No such file or directory in C:\xampp\htdocs\project.com\core\Router.php on line 55
[11-Mar-2021 19:56:04 Europe/Kiev] PHP Warning:  include_once(): Failed opening 'C:\xampp\htdocs\project.com/app/Controllers/ErrorController.php' for inclusion (include_path='C:\xampp\php\PEAR') in C:\xampp\htdocs\project.com\core\Router.php on line 55
[11-Mar-2021 19:56:09 Europe/Kiev] PHP Warning:  include_once(C:\xampp\htdocs\project.com/app/Controllers/ErrorController.php): failed to open stream: No such file or directory in C:\xampp\htdocs\project.com\core\Router.php on line 55
[11-Mar-2021 19:56:09 Europe/Kiev] PHP Warning:  include_once(): Failed opening 'C:\xampp\htdocs\project.com/app/Controllers/ErrorController.php' for inclusion (include_path='C:\xampp\php\PEAR') in C:\xampp\htdocs\project.com\core\Router.php on line 55
[11-Mar-2021 19:56:12 Europe/Kiev] PHP Warning:  include_once(C:\xampp\htdocs\project.com/app/Controllers/ErrorController.php): failed to open stream: No such file or directory in C:\xampp\htdocs\project.com\core\Router.php on line 55
[11-Mar-2021 19:56:12 Europe/Kiev] PHP Warning:  include_once(): Failed opening 'C:\xampp\htdocs\project.com/app/Controllers/ErrorController.php' for inclusion (include_path='C:\xampp\php\PEAR') in C:\xampp\htdocs\project.com\core\Router.php on line 55
[11-Mar-2021 19:56:15 Europe/Kiev] PHP Warning:  include_once(C:\xampp\htdocs\project.com/app/Controllers/ErrorController.php): failed to open stream: No such file or directory in C:\xampp\htdocs\project.com\core\Router.php on line 55
[11-Mar-2021 19:56:15 Europe/Kiev] PHP Warning:  include_once(): Failed opening 'C:\xampp\htdocs\project.com/app/Controllers/ErrorController.php' for inclusion (include_path='C:\xampp\php\PEAR') in C:\xampp\htdocs\project.com\core\Router.php on line 55
[11-Mar-2021 19:58:51 Europe/Kiev] PHP Warning:  include_once(C:\xampp\htdocs\project.com/app/Controllers/ErrorController.php): failed to open stream: No such file or directory in C:\xampp\htdocs\project.com\core\Router.php on line 54
[11-Mar-2021 19:58:51 Europe/Kiev] PHP Warning:  include_once(C:\xampp\htdocs\project.com/app/Controllers/ErrorController.php): failed to open stream: No such file or directory in C:\xampp\htdocs\project.com\core\Router.php on line 54
[11-Mar-2021 19:58:51 Europe/Kiev] PHP Warning:  include_once(C:\xampp\htdocs\project.com/app/Controllers/ErrorController.php): failed to open stream: No such file or directory in C:\xampp\htdocs\project.com\core\Router.php on line 54
[11-Mar-2021 19:58:51 Europe/Kiev] PHP Warning:  include_once(C:\xampp\htdocs\project.com/app/Controllers/ErrorController.php): failed to open stream: No such file or directory in C:\xampp\htdocs\project.com\core\Router.php on line 54
[11-Mar-2021 19:58:51 Europe/Kiev] PHP Warning:  include_once(C:\xampp\htdocs\project.com/app/Controllers/ErrorController.php): failed to open stream: No such file or directory in C:\xampp\htdocs\project.com\core\Router.php on line 54
[11-Mar-2021 19:58:51 Europe/Kiev] PHP Warning:  include_once(C:\xampp\htdocs\project.com/app/Controllers/ErrorController.php): failed to open stream: No such file or directory in C:\xampp\htdocs\project.com\core\Router.php on line 54
[11-Mar-2021 19:58:51 Europe/Kiev] PHP Warning:  include_once(): Failed opening 'C:\xampp\htdocs\project.com/app/Controllers/ErrorController.php' for inclusion (include_path='C:\xampp\php\PEAR') in C:\xampp\htdocs\project.com\core\Router.php on line 54
[11-Mar-2021 19:58:51 Europe/Kiev] PHP Warning:  include_once(): Failed opening 'C:\xampp\htdocs\project.com/app/Controllers/ErrorController.php' for inclusion (include_path='C:\xampp\php\PEAR') in C:\xampp\htdocs\project.com\core\Router.php on line 54
[11-Mar-2021 19:58:51 Europe/Kiev] PHP Warning:  include_once(): Failed opening 'C:\xampp\htdocs\project.com/app/Controllers/ErrorController.php' for inclusion (include_path='C:\xampp\php\PEAR') in C:\xampp\htdocs\project.com\core\Router.php on line 54
[11-Mar-2021 19:58:51 Europe/Kiev] PHP Warning:  include_once(): Failed opening 'C:\xampp\htdocs\project.com/app/Controllers/ErrorController.php' for inclusion (include_path='C:\xampp\php\PEAR') in C:\xampp\htdocs\project.com\core\Router.php on line 54
[11-Mar-2021 19:58:51 Europe/Kiev] PHP Warning:  include_once(): Failed opening 'C:\xampp\htdocs\project.com/app/Controllers/ErrorController.php' for inclusion (include_path='C:\xampp\php\PEAR') in C:\xampp\htdocs\project.com\core\Router.php on line 54
[11-Mar-2021 19:58:51 Europe/Kiev] PHP Warning:  include_once(): Failed opening 'C:\xampp\htdocs\project.com/app/Controllers/ErrorController.php' for inclusion (include_path='C:\xampp\php\PEAR') in C:\xampp\htdocs\project.com\core\Router.php on line 54
[11-Mar-2021 19:58:51 Europe/Kiev] PHP Warning:  include_once(C:\xampp\htdocs\project.com/app/Controllers/ErrorController.php): failed to open stream: No such file or directory in C:\xampp\htdocs\project.com\core\Router.php on line 54
[11-Mar-2021 19:58:51 Europe/Kiev] PHP Warning:  include_once(C:\xampp\htdocs\project.com/app/Controllers/ErrorController.php): failed to open stream: No such file or directory in C:\xampp\htdocs\project.com\core\Router.php on line 54
[11-Mar-2021 19:58:51 Europe/Kiev] PHP Warning:  include_once(C:\xampp\htdocs\project.com/app/Controllers/ErrorController.php): failed to open stream: No such file or directory in C:\xampp\htdocs\project.com\core\Router.php on line 54
[11-Mar-2021 19:58:51 Europe/Kiev] PHP Warning:  include_once(C:\xampp\htdocs\project.com/app/Controllers/ErrorController.php): failed to open stream: No such file or directory in C:\xampp\htdocs\project.com\core\Router.php on line 54
[11-Mar-2021 19:58:51 Europe/Kiev] PHP Warning:  include_once(C:\xampp\htdocs\project.com/app/Controllers/ErrorController.php): failed to open stream: No such file or directory in C:\xampp\htdocs\project.com\core\Router.php on line 54
[11-Mar-2021 19:58:51 Europe/Kiev] PHP Warning:  include_once(): Failed opening 'C:\xampp\htdocs\project.com/app/Controllers/ErrorController.php' for inclusion (include_path='C:\xampp\php\PEAR') in C:\xampp\htdocs\project.com\core\Router.php on line 54
[11-Mar-2021 19:58:51 Europe/Kiev] PHP Warning:  include_once(C:\xampp\htdocs\project.com/app/Controllers/ErrorController.php): failed to open stream: No such file or directory in C:\xampp\htdocs\project.com\core\Router.php on line 54
[11-Mar-2021 19:58:51 Europe/Kiev] PHP Warning:  include_once(): Failed opening 'C:\xampp\htdocs\project.com/app/Controllers/ErrorController.php' for inclusion (include_path='C:\xampp\php\PEAR') in C:\xampp\htdocs\project.com\core\Router.php on line 54
[11-Mar-2021 19:58:51 Europe/Kiev] PHP Warning:  include_once(): Failed opening 'C:\xampp\htdocs\project.com/app/Controllers/ErrorController.php' for inclusion (include_path='C:\xampp\php\PEAR') in C:\xampp\htdocs\project.com\core\Router.php on line 54
[11-Mar-2021 19:58:51 Europe/Kiev] PHP Warning:  include_once(): Failed opening 'C:\xampp\htdocs\project.com/app/Controllers/ErrorController.php' for inclusion (include_path='C:\xampp\php\PEAR') in C:\xampp\htdocs\project.com\core\Router.php on line 54
[11-Mar-2021 19:58:51 Europe/Kiev] PHP Warning:  include_once(): Failed opening 'C:\xampp\htdocs\project.com/app/Controllers/ErrorController.php' for inclusion (include_path='C:\xampp\php\PEAR') in C:\xampp\htdocs\project.com\core\Router.php on line 54
[11-Mar-2021 19:58:52 Europe/Kiev] PHP Warning:  include_once(): Failed opening 'C:\xampp\htdocs\project.com/app/Controllers/ErrorController.php' for inclusion (include_path='C:\xampp\php\PEAR') in C:\xampp\htdocs\project.com\core\Router.php on line 54
[11-Mar-2021 19:58:52 Europe/Kiev] PHP Warning:  include_once(C:\xampp\htdocs\project.com/app/Controllers/ErrorController.php): failed to open stream: No such file or directory in C:\xampp\htdocs\project.com\core\Router.php on line 54
[11-Mar-2021 19:58:52 Europe/Kiev] PHP Warning:  include_once(C:\xampp\htdocs\project.com/app/Controllers/ErrorController.php): failed to open stream: No such file or directory in C:\xampp\htdocs\project.com\core\Router.php on line 54
[11-Mar-2021 19:58:52 Europe/Kiev] PHP Warning:  include_once(C:\xampp\htdocs\project.com/app/Controllers/ErrorController.php): failed to open stream: No such file or directory in C:\xampp\htdocs\project.com\core\Router.php on line 54
[11-Mar-2021 19:58:52 Europe/Kiev] PHP Warning:  include_once(C:\xampp\htdocs\project.com/app/Controllers/ErrorController.php): failed to open stream: No such file or directory in C:\xampp\htdocs\project.com\core\Router.php on line 54
[11-Mar-2021 19:58:52 Europe/Kiev] PHP Warning:  include_once(C:\xampp\htdocs\project.com/app/Controllers/ErrorController.php): failed to open stream: No such file or directory in C:\xampp\htdocs\project.com\core\Router.php on line 54
[11-Mar-2021 19:58:52 Europe/Kiev] PHP Warning:  include_once(): Failed opening 'C:\xampp\htdocs\project.com/app/Controllers/ErrorController.php' for inclusion (include_path='C:\xampp\php\PEAR') in C:\xampp\htdocs\project.com\core\Router.php on line 54
[11-Mar-2021 19:58:52 Europe/Kiev] PHP Warning:  include_once(C:\xampp\htdocs\project.com/app/Controllers/ErrorController.php): failed to open stream: No such file or directory in C:\xampp\htdocs\project.com\core\Router.php on line 54
[11-Mar-2021 19:58:52 Europe/Kiev] PHP Warning:  include_once(): Failed opening 'C:\xampp\htdocs\project.com/app/Controllers/ErrorController.php' for inclusion (include_path='C:\xampp\php\PEAR') in C:\xampp\htdocs\project.com\core\Router.php on line 54
[11-Mar-2021 19:58:52 Europe/Kiev] PHP Warning:  include_once(): Failed opening 'C:\xampp\htdocs\project.com/app/Controllers/ErrorController.php' for inclusion (include_path='C:\xampp\php\PEAR') in C:\xampp\htdocs\project.com\core\Router.php on line 54
[11-Mar-2021 19:58:52 Europe/Kiev] PHP Warning:  include_once(): Failed opening 'C:\xampp\htdocs\project.com/app/Controllers/ErrorController.php' for inclusion (include_path='C:\xampp\php\PEAR') in C:\xampp\htdocs\project.com\core\Router.php on line 54
[11-Mar-2021 19:58:52 Europe/Kiev] PHP Warning:  include_once(): Failed opening 'C:\xampp\htdocs\project.com/app/Controllers/ErrorController.php' for inclusion (include_path='C:\xampp\php\PEAR') in C:\xampp\htdocs\project.com\core\Router.php on line 54
[11-Mar-2021 19:58:52 Europe/Kiev] PHP Warning:  include_once(): Failed opening 'C:\xampp\htdocs\project.com/app/Controllers/ErrorController.php' for inclusion (include_path='C:\xampp\php\PEAR') in C:\xampp\htdocs\project.com\core\Router.php on line 54
[11-Mar-2021 19:58:52 Europe/Kiev] PHP Warning:  include_once(C:\xampp\htdocs\project.com/app/Controllers/ErrorController.php): failed to open stream: No such file or directory in C:\xampp\htdocs\project.com\core\Router.php on line 54
[11-Mar-2021 19:58:52 Europe/Kiev] PHP Warning:  include_once(C:\xampp\htdocs\project.com/app/Controllers/ErrorController.php): failed to open stream: No such file or directory in C:\xampp\htdocs\project.com\core\Router.php on line 54
[11-Mar-2021 19:58:52 Europe/Kiev] PHP Warning:  include_once(C:\xampp\htdocs\project.com/app/Controllers/ErrorController.php): failed to open stream: No such file or directory in C:\xampp\htdocs\project.com\core\Router.php on line 54
[11-Mar-2021 19:58:52 Europe/Kiev] PHP Warning:  include_once(C:\xampp\htdocs\project.com/app/Controllers/ErrorController.php): failed to open stream: No such file or directory in C:\xampp\htdocs\project.com\core\Router.php on line 54
[11-Mar-2021 19:58:52 Europe/Kiev] PHP Warning:  include_once(): Failed opening 'C:\xampp\htdocs\project.com/app/Controllers/ErrorController.php' for inclusion (include_path='C:\xampp\php\PEAR') in C:\xampp\htdocs\project.com\core\Router.php on line 54
[11-Mar-2021 19:58:52 Europe/Kiev] PHP Warning:  include_once(C:\xampp\htdocs\project.com/app/Controllers/ErrorController.php): failed to open stream: No such file or directory in C:\xampp\htdocs\project.com\core\Router.php on line 54
[11-Mar-2021 19:58:52 Europe/Kiev] PHP Warning:  include_once(C:\xampp\htdocs\project.com/app/Controllers/ErrorController.php): failed to open stream: No such file or directory in C:\xampp\htdocs\project.com\core\Router.php on line 54
[11-Mar-2021 19:58:52 Europe/Kiev] PHP Warning:  include_once(): Failed opening 'C:\xampp\htdocs\project.com/app/Controllers/ErrorController.php' for inclusion (include_path='C:\xampp\php\PEAR') in C:\xampp\htdocs\project.com\core\Router.php on line 54
[11-Mar-2021 19:58:52 Europe/Kiev] PHP Warning:  include_once(): Failed opening 'C:\xampp\htdocs\project.com/app/Controllers/ErrorController.php' for inclusion (include_path='C:\xampp\php\PEAR') in C:\xampp\htdocs\project.com\core\Router.php on line 54
[11-Mar-2021 19:58:52 Europe/Kiev] PHP Warning:  include_once(): Failed opening 'C:\xampp\htdocs\project.com/app/Controllers/ErrorController.php' for inclusion (include_path='C:\xampp\php\PEAR') in C:\xampp\htdocs\project.com\core\Router.php on line 54
[11-Mar-2021 19:58:52 Europe/Kiev] PHP Warning:  include_once(): Failed opening 'C:\xampp\htdocs\project.com/app/Controllers/ErrorController.php' for inclusion (include_path='C:\xampp\php\PEAR') in C:\xampp\htdocs\project.com\core\Router.php on line 54
[11-Mar-2021 19:58:52 Europe/Kiev] PHP Warning:  include_once(): Failed opening 'C:\xampp\htdocs\project.com/app/Controllers/ErrorController.php' for inclusion (include_path='C:\xampp\php\PEAR') in C:\xampp\htdocs\project.com\core\Router.php on line 54
[11-Mar-2021 20:07:15 Europe/Kiev] PHP Fatal error:  Uncaught Error: Class 'ConfigController' not found in C:\xampp\htdocs\project.com\core\Router.php:31
Stack trace:
#0 C:\xampp\htdocs\project.com\core\Router.php(40): initController('C:\\xampp\\htdocs...', 'ConfigControlle...', 'index')
#1 C:\xampp\htdocs\project.com\bootstrap\app.php(42): require_once('C:\\xampp\\htdocs...')
#2 C:\xampp\htdocs\project.com\public\index.php(2): require_once('C:\\xampp\\htdocs...')
#3 {main}
  thrown in C:\xampp\htdocs\project.com\core\Router.php on line 31
[11-Mar-2021 20:13:14 Europe/Kiev] PHP Warning:  include_once(C:\xampp\htdocs\project.com/app/Controllers/ErrorController.php): failed to open stream: No such file or directory in C:\xampp\htdocs\project.com\core\Router.php on line 54
[11-Mar-2021 20:13:14 Europe/Kiev] PHP Warning:  include_once(C:\xampp\htdocs\project.com/app/Controllers/ErrorController.php): failed to open stream: No such file or directory in C:\xampp\htdocs\project.com\core\Router.php on line 54
[11-Mar-2021 20:13:14 Europe/Kiev] PHP Warning:  include_once(C:\xampp\htdocs\project.com/app/Controllers/ErrorController.php): failed to open stream: No such file or directory in C:\xampp\htdocs\project.com\core\Router.php on line 54
[11-Mar-2021 20:13:14 Europe/Kiev] PHP Warning:  include_once(C:\xampp\htdocs\project.com/app/Controllers/ErrorController.php): failed to open stream: No such file or directory in C:\xampp\htdocs\project.com\core\Router.php on line 54
[11-Mar-2021 20:13:14 Europe/Kiev] PHP Warning:  include_once(C:\xampp\htdocs\project.com/app/Controllers/ErrorController.php): failed to open stream: No such file or directory in C:\xampp\htdocs\project.com\core\Router.php on line 54
[11-Mar-2021 20:13:14 Europe/Kiev] PHP Warning:  include_once(): Failed opening 'C:\xampp\htdocs\project.com/app/Controllers/ErrorController.php' for inclusion (include_path='C:\xampp\php\PEAR') in C:\xampp\htdocs\project.com\core\Router.php on line 54
[11-Mar-2021 20:13:14 Europe/Kiev] PHP Warning:  include_once(C:\xampp\htdocs\project.com/app/Controllers/ErrorController.php): failed to open stream: No such file or directory in C:\xampp\htdocs\project.com\core\Router.php on line 54
[11-Mar-2021 20:13:14 Europe/Kiev] PHP Warning:  include_once(): Failed opening 'C:\xampp\htdocs\project.com/app/Controllers/ErrorController.php' for inclusion (include_path='C:\xampp\php\PEAR') in C:\xampp\htdocs\project.com\core\Router.php on line 54
[11-Mar-2021 20:13:14 Europe/Kiev] PHP Warning:  include_once(): Failed opening 'C:\xampp\htdocs\project.com/app/Controllers/ErrorController.php' for inclusion (include_path='C:\xampp\php\PEAR') in C:\xampp\htdocs\project.com\core\Router.php on line 54
[11-Mar-2021 20:13:15 Europe/Kiev] PHP Warning:  include_once(): Failed opening 'C:\xampp\htdocs\project.com/app/Controllers/ErrorController.php' for inclusion (include_path='C:\xampp\php\PEAR') in C:\xampp\htdocs\project.com\core\Router.php on line 54
[11-Mar-2021 20:13:15 Europe/Kiev] PHP Warning:  include_once(): Failed opening 'C:\xampp\htdocs\project.com/app/Controllers/ErrorController.php' for inclusion (include_path='C:\xampp\php\PEAR') in C:\xampp\htdocs\project.com\core\Router.php on line 54
[11-Mar-2021 20:13:15 Europe/Kiev] PHP Warning:  include_once(C:\xampp\htdocs\project.com/app/Controllers/ErrorController.php): failed to open stream: No such file or directory in C:\xampp\htdocs\project.com\core\Router.php on line 54
[11-Mar-2021 20:13:15 Europe/Kiev] PHP Warning:  include_once(): Failed opening 'C:\xampp\htdocs\project.com/app/Controllers/ErrorController.php' for inclusion (include_path='C:\xampp\php\PEAR') in C:\xampp\htdocs\project.com\core\Router.php on line 54
[11-Mar-2021 20:13:15 Europe/Kiev] PHP Warning:  include_once(C:\xampp\htdocs\project.com/app/Controllers/ErrorController.php): failed to open stream: No such file or directory in C:\xampp\htdocs\project.com\core\Router.php on line 54
[11-Mar-2021 20:13:15 Europe/Kiev] PHP Warning:  include_once(C:\xampp\htdocs\project.com/app/Controllers/ErrorController.php): failed to open stream: No such file or directory in C:\xampp\htdocs\project.com\core\Router.php on line 54
[11-Mar-2021 20:13:15 Europe/Kiev] PHP Warning:  include_once(C:\xampp\htdocs\project.com/app/Controllers/ErrorController.php): failed to open stream: No such file or directory in C:\xampp\htdocs\project.com\core\Router.php on line 54
[11-Mar-2021 20:13:15 Europe/Kiev] PHP Warning:  include_once(C:\xampp\htdocs\project.com/app/Controllers/ErrorController.php): failed to open stream: No such file or directory in C:\xampp\htdocs\project.com\core\Router.php on line 54
[11-Mar-2021 20:13:15 Europe/Kiev] PHP Warning:  include_once(): Failed opening 'C:\xampp\htdocs\project.com/app/Controllers/ErrorController.php' for inclusion (include_path='C:\xampp\php\PEAR') in C:\xampp\htdocs\project.com\core\Router.php on line 54
[11-Mar-2021 20:13:15 Europe/Kiev] PHP Warning:  include_once(): Failed opening 'C:\xampp\htdocs\project.com/app/Controllers/ErrorController.php' for inclusion (include_path='C:\xampp\php\PEAR') in C:\xampp\htdocs\project.com\core\Router.php on line 54
[11-Mar-2021 20:13:15 Europe/Kiev] PHP Warning:  include_once(C:\xampp\htdocs\project.com/app/Controllers/ErrorController.php): failed to open stream: No such file or directory in C:\xampp\htdocs\project.com\core\Router.php on line 54
[11-Mar-2021 20:13:15 Europe/Kiev] PHP Warning:  include_once(): Failed opening 'C:\xampp\htdocs\project.com/app/Controllers/ErrorController.php' for inclusion (include_path='C:\xampp\php\PEAR') in C:\xampp\htdocs\project.com\core\Router.php on line 54
[11-Mar-2021 20:13:15 Europe/Kiev] PHP Warning:  include_once(): Failed opening 'C:\xampp\htdocs\project.com/app/Controllers/ErrorController.php' for inclusion (include_path='C:\xampp\php\PEAR') in C:\xampp\htdocs\project.com\core\Router.php on line 54
[11-Mar-2021 20:13:15 Europe/Kiev] PHP Warning:  include_once(): Failed opening 'C:\xampp\htdocs\project.com/app/Controllers/ErrorController.php' for inclusion (include_path='C:\xampp\php\PEAR') in C:\xampp\htdocs\project.com\core\Router.php on line 54
[11-Mar-2021 20:13:15 Europe/Kiev] PHP Warning:  include_once(C:\xampp\htdocs\project.com/app/Controllers/ErrorController.php): failed to open stream: No such file or directory in C:\xampp\htdocs\project.com\core\Router.php on line 54
[11-Mar-2021 20:13:15 Europe/Kiev] PHP Warning:  include_once(C:\xampp\htdocs\project.com/app/Controllers/ErrorController.php): failed to open stream: No such file or directory in C:\xampp\htdocs\project.com\core\Router.php on line 54
[11-Mar-2021 20:13:15 Europe/Kiev] PHP Warning:  include_once(): Failed opening 'C:\xampp\htdocs\project.com/app/Controllers/ErrorController.php' for inclusion (include_path='C:\xampp\php\PEAR') in C:\xampp\htdocs\project.com\core\Router.php on line 54
[11-Mar-2021 20:13:15 Europe/Kiev] PHP Warning:  include_once(C:\xampp\htdocs\project.com/app/Controllers/ErrorController.php): failed to open stream: No such file or directory in C:\xampp\htdocs\project.com\core\Router.php on line 54
[11-Mar-2021 20:13:15 Europe/Kiev] PHP Warning:  include_once(C:\xampp\htdocs\project.com/app/Controllers/ErrorController.php): failed to open stream: No such file or directory in C:\xampp\htdocs\project.com\core\Router.php on line 54
[11-Mar-2021 20:13:15 Europe/Kiev] PHP Warning:  include_once(C:\xampp\htdocs\project.com/app/Controllers/ErrorController.php): failed to open stream: No such file or directory in C:\xampp\htdocs\project.com\core\Router.php on line 54
[11-Mar-2021 20:13:15 Europe/Kiev] PHP Warning:  include_once(): Failed opening 'C:\xampp\htdocs\project.com/app/Controllers/ErrorController.php' for inclusion (include_path='C:\xampp\php\PEAR') in C:\xampp\htdocs\project.com\core\Router.php on line 54
[11-Mar-2021 20:13:15 Europe/Kiev] PHP Warning:  include_once(): Failed opening 'C:\xampp\htdocs\project.com/app/Controllers/ErrorController.php' for inclusion (include_path='C:\xampp\php\PEAR') in C:\xampp\htdocs\project.com\core\Router.php on line 54
[11-Mar-2021 20:13:15 Europe/Kiev] PHP Warning:  include_once(): Failed opening 'C:\xampp\htdocs\project.com/app/Controllers/ErrorController.php' for inclusion (include_path='C:\xampp\php\PEAR') in C:\xampp\htdocs\project.com\core\Router.php on line 54
[11-Mar-2021 20:13:15 Europe/Kiev] PHP Warning:  include_once(C:\xampp\htdocs\project.com/app/Controllers/ErrorController.php): failed to open stream: No such file or directory in C:\xampp\htdocs\project.com\core\Router.php on line 54
[11-Mar-2021 20:13:15 Europe/Kiev] PHP Warning:  include_once(): Failed opening 'C:\xampp\htdocs\project.com/app/Controllers/ErrorController.php' for inclusion (include_path='C:\xampp\php\PEAR') in C:\xampp\htdocs\project.com\core\Router.php on line 54
[11-Mar-2021 20:13:15 Europe/Kiev] PHP Warning:  include_once(): Failed opening 'C:\xampp\htdocs\project.com/app/Controllers/ErrorController.php' for inclusion (include_path='C:\xampp\php\PEAR') in C:\xampp\htdocs\project.com\core\Router.php on line 54
[11-Mar-2021 20:13:15 Europe/Kiev] PHP Warning:  include_once(C:\xampp\htdocs\project.com/app/Controllers/ErrorController.php): failed to open stream: No such file or directory in C:\xampp\htdocs\project.com\core\Router.php on line 54
[11-Mar-2021 20:13:15 Europe/Kiev] PHP Warning:  include_once(C:\xampp\htdocs\project.com/app/Controllers/ErrorController.php): failed to open stream: No such file or directory in C:\xampp\htdocs\project.com\core\Router.php on line 54
[11-Mar-2021 20:13:15 Europe/Kiev] PHP Warning:  include_once(): Failed opening 'C:\xampp\htdocs\project.com/app/Controllers/ErrorController.php' for inclusion (include_path='C:\xampp\php\PEAR') in C:\xampp\htdocs\project.com\core\Router.php on line 54
[11-Mar-2021 20:13:15 Europe/Kiev] PHP Warning:  include_once(C:\xampp\htdocs\project.com/app/Controllers/ErrorController.php): failed to open stream: No such file or directory in C:\xampp\htdocs\project.com\core\Router.php on line 54
[11-Mar-2021 20:13:15 Europe/Kiev] PHP Warning:  include_once(C:\xampp\htdocs\project.com/app/Controllers/ErrorController.php): failed to open stream: No such file or directory in C:\xampp\htdocs\project.com\core\Router.php on line 54
[11-Mar-2021 20:13:15 Europe/Kiev] PHP Warning:  include_once(C:\xampp\htdocs\project.com/app/Controllers/ErrorController.php): failed to open stream: No such file or directory in C:\xampp\htdocs\project.com\core\Router.php on line 54
[11-Mar-2021 20:13:15 Europe/Kiev] PHP Warning:  include_once(): Failed opening 'C:\xampp\htdocs\project.com/app/Controllers/ErrorController.php' for inclusion (include_path='C:\xampp\php\PEAR') in C:\xampp\htdocs\project.com\core\Router.php on line 54
[11-Mar-2021 20:13:15 Europe/Kiev] PHP Warning:  include_once(): Failed opening 'C:\xampp\htdocs\project.com/app/Controllers/ErrorController.php' for inclusion (include_path='C:\xampp\php\PEAR') in C:\xampp\htdocs\project.com\core\Router.php on line 54
[11-Mar-2021 20:13:15 Europe/Kiev] PHP Warning:  include_once(): Failed opening 'C:\xampp\htdocs\project.com/app/Controllers/ErrorController.php' for inclusion (include_path='C:\xampp\php\PEAR') in C:\xampp\htdocs\project.com\core\Router.php on line 54
[11-Mar-2021 20:13:15 Europe/Kiev] PHP Warning:  include_once(C:\xampp\htdocs\project.com/app/Controllers/ErrorController.php): failed to open stream: No such file or directory in C:\xampp\htdocs\project.com\core\Router.php on line 54
[11-Mar-2021 20:13:15 Europe/Kiev] PHP Warning:  include_once(): Failed opening 'C:\xampp\htdocs\project.com/app/Controllers/ErrorController.php' for inclusion (include_path='C:\xampp\php\PEAR') in C:\xampp\htdocs\project.com\core\Router.php on line 54
[11-Mar-2021 20:13:15 Europe/Kiev] PHP Warning:  include_once(): Failed opening 'C:\xampp\htdocs\project.com/app/Controllers/ErrorController.php' for inclusion (include_path='C:\xampp\php\PEAR') in C:\xampp\htdocs\project.com\core\Router.php on line 54
[11-Mar-2021 20:13:15 Europe/Kiev] PHP Warning:  include_once(): Failed opening 'C:\xampp\htdocs\project.com/app/Controllers/ErrorController.php' for inclusion (include_path='C:\xampp\php\PEAR') in C:\xampp\htdocs\project.com\core\Router.php on line 54
[11-Mar-2021 20:14:21 Europe/Kiev] PHP Warning:  include_once(C:\xampp\htdocs\project.com/app/Controllers/ErrorController.php): failed to open stream: No such file or directory in C:\xampp\htdocs\project.com\core\Router.php on line 54
[11-Mar-2021 20:14:21 Europe/Kiev] PHP Warning:  include_once(C:\xampp\htdocs\project.com/app/Controllers/ErrorController.php): failed to open stream: No such file or directory in C:\xampp\htdocs\project.com\core\Router.php on line 54
[11-Mar-2021 20:14:21 Europe/Kiev] PHP Warning:  include_once(C:\xampp\htdocs\project.com/app/Controllers/ErrorController.php): failed to open stream: No such file or directory in C:\xampp\htdocs\project.com\core\Router.php on line 54
[11-Mar-2021 20:14:21 Europe/Kiev] PHP Warning:  include_once(C:\xampp\htdocs\project.com/app/Controllers/ErrorController.php): failed to open stream: No such file or directory in C:\xampp\htdocs\project.com\core\Router.php on line 54
[11-Mar-2021 20:14:21 Europe/Kiev] PHP Warning:  include_once(): Failed opening 'C:\xampp\htdocs\project.com/app/Controllers/ErrorController.php' for inclusion (include_path='C:\xampp\php\PEAR') in C:\xampp\htdocs\project.com\core\Router.php on line 54
[11-Mar-2021 20:14:21 Europe/Kiev] PHP Warning:  include_once(C:\xampp\htdocs\project.com/app/Controllers/ErrorController.php): failed to open stream: No such file or directory in C:\xampp\htdocs\project.com\core\Router.php on line 54
[11-Mar-2021 20:14:21 Europe/Kiev] PHP Warning:  include_once(C:\xampp\htdocs\project.com/app/Controllers/ErrorController.php): failed to open stream: No such file or directory in C:\xampp\htdocs\project.com\core\Router.php on line 54
[11-Mar-2021 20:14:21 Europe/Kiev] PHP Warning:  include_once(): Failed opening 'C:\xampp\htdocs\project.com/app/Controllers/ErrorController.php' for inclusion (include_path='C:\xampp\php\PEAR') in C:\xampp\htdocs\project.com\core\Router.php on line 54
[11-Mar-2021 20:14:21 Europe/Kiev] PHP Warning:  include_once(): Failed opening 'C:\xampp\htdocs\project.com/app/Controllers/ErrorController.php' for inclusion (include_path='C:\xampp\php\PEAR') in C:\xampp\htdocs\project.com\core\Router.php on line 54
[11-Mar-2021 20:14:21 Europe/Kiev] PHP Warning:  include_once(): Failed opening 'C:\xampp\htdocs\project.com/app/Controllers/ErrorController.php' for inclusion (include_path='C:\xampp\php\PEAR') in C:\xampp\htdocs\project.com\core\Router.php on line 54
[11-Mar-2021 20:14:21 Europe/Kiev] PHP Warning:  include_once(C:\xampp\htdocs\project.com/app/Controllers/ErrorController.php): failed to open stream: No such file or directory in C:\xampp\htdocs\project.com\core\Router.php on line 54
[11-Mar-2021 20:14:21 Europe/Kiev] PHP Warning:  include_once(): Failed opening 'C:\xampp\htdocs\project.com/app/Controllers/ErrorController.php' for inclusion (include_path='C:\xampp\php\PEAR') in C:\xampp\htdocs\project.com\core\Router.php on line 54
[11-Mar-2021 20:14:21 Europe/Kiev] PHP Warning:  include_once(): Failed opening 'C:\xampp\htdocs\project.com/app/Controllers/ErrorController.php' for inclusion (include_path='C:\xampp\php\PEAR') in C:\xampp\htdocs\project.com\core\Router.php on line 54
[11-Mar-2021 20:14:21 Europe/Kiev] PHP Warning:  include_once(C:\xampp\htdocs\project.com/app/Controllers/ErrorController.php): failed to open stream: No such file or directory in C:\xampp\htdocs\project.com\core\Router.php on line 54
[11-Mar-2021 20:14:21 Europe/Kiev] PHP Warning:  include_once(C:\xampp\htdocs\project.com/app/Controllers/ErrorController.php): failed to open stream: No such file or directory in C:\xampp\htdocs\project.com\core\Router.php on line 54
[11-Mar-2021 20:14:21 Europe/Kiev] PHP Warning:  include_once(C:\xampp\htdocs\project.com/app/Controllers/ErrorController.php): failed to open stream: No such file or directory in C:\xampp\htdocs\project.com\core\Router.php on line 54
[11-Mar-2021 20:14:21 Europe/Kiev] PHP Warning:  include_once(): Failed opening 'C:\xampp\htdocs\project.com/app/Controllers/ErrorController.php' for inclusion (include_path='C:\xampp\php\PEAR') in C:\xampp\htdocs\project.com\core\Router.php on line 54
[11-Mar-2021 20:14:22 Europe/Kiev] PHP Warning:  include_once(C:\xampp\htdocs\project.com/app/Controllers/ErrorController.php): failed to open stream: No such file or directory in C:\xampp\htdocs\project.com\core\Router.php on line 54
[11-Mar-2021 20:14:22 Europe/Kiev] PHP Warning:  include_once(C:\xampp\htdocs\project.com/app/Controllers/ErrorController.php): failed to open stream: No such file or directory in C:\xampp\htdocs\project.com\core\Router.php on line 54
[11-Mar-2021 20:14:22 Europe/Kiev] PHP Warning:  include_once(): Failed opening 'C:\xampp\htdocs\project.com/app/Controllers/ErrorController.php' for inclusion (include_path='C:\xampp\php\PEAR') in C:\xampp\htdocs\project.com\core\Router.php on line 54
[11-Mar-2021 20:14:22 Europe/Kiev] PHP Warning:  include_once(): Failed opening 'C:\xampp\htdocs\project.com/app/Controllers/ErrorController.php' for inclusion (include_path='C:\xampp\php\PEAR') in C:\xampp\htdocs\project.com\core\Router.php on line 54
[11-Mar-2021 20:14:22 Europe/Kiev] PHP Warning:  include_once(): Failed opening 'C:\xampp\htdocs\project.com/app/Controllers/ErrorController.php' for inclusion (include_path='C:\xampp\php\PEAR') in C:\xampp\htdocs\project.com\core\Router.php on line 54
[11-Mar-2021 20:14:22 Europe/Kiev] PHP Warning:  include_once(): Failed opening 'C:\xampp\htdocs\project.com/app/Controllers/ErrorController.php' for inclusion (include_path='C:\xampp\php\PEAR') in C:\xampp\htdocs\project.com\core\Router.php on line 54
[11-Mar-2021 20:14:22 Europe/Kiev] PHP Warning:  include_once(C:\xampp\htdocs\project.com/app/Controllers/ErrorController.php): failed to open stream: No such file or directory in C:\xampp\htdocs\project.com\core\Router.php on line 54
[11-Mar-2021 20:14:22 Europe/Kiev] PHP Warning:  include_once(): Failed opening 'C:\xampp\htdocs\project.com/app/Controllers/ErrorController.php' for inclusion (include_path='C:\xampp\php\PEAR') in C:\xampp\htdocs\project.com\core\Router.php on line 54
[11-Mar-2021 20:14:22 Europe/Kiev] PHP Warning:  include_once(C:\xampp\htdocs\project.com/app/Controllers/ErrorController.php): failed to open stream: No such file or directory in C:\xampp\htdocs\project.com\core\Router.php on line 54
[11-Mar-2021 20:14:22 Europe/Kiev] PHP Warning:  include_once(C:\xampp\htdocs\project.com/app/Controllers/ErrorController.php): failed to open stream: No such file or directory in C:\xampp\htdocs\project.com\core\Router.php on line 54
[11-Mar-2021 20:14:22 Europe/Kiev] PHP Warning:  include_once(C:\xampp\htdocs\project.com/app/Controllers/ErrorController.php): failed to open stream: No such file or directory in C:\xampp\htdocs\project.com\core\Router.php on line 54
[11-Mar-2021 20:14:22 Europe/Kiev] PHP Warning:  include_once(C:\xampp\htdocs\project.com/app/Controllers/ErrorController.php): failed to open stream: No such file or directory in C:\xampp\htdocs\project.com\core\Router.php on line 54
[11-Mar-2021 20:14:22 Europe/Kiev] PHP Warning:  include_once(): Failed opening 'C:\xampp\htdocs\project.com/app/Controllers/ErrorController.php' for inclusion (include_path='C:\xampp\php\PEAR') in C:\xampp\htdocs\project.com\core\Router.php on line 54
[11-Mar-2021 20:14:22 Europe/Kiev] PHP Warning:  include_once(): Failed opening 'C:\xampp\htdocs\project.com/app/Controllers/ErrorController.php' for inclusion (include_path='C:\xampp\php\PEAR') in C:\xampp\htdocs\project.com\core\Router.php on line 54
[11-Mar-2021 20:14:22 Europe/Kiev] PHP Warning:  include_once(): Failed opening 'C:\xampp\htdocs\project.com/app/Controllers/ErrorController.php' for inclusion (include_path='C:\xampp\php\PEAR') in C:\xampp\htdocs\project.com\core\Router.php on line 54
[11-Mar-2021 20:14:22 Europe/Kiev] PHP Warning:  include_once(): Failed opening 'C:\xampp\htdocs\project.com/app/Controllers/ErrorController.php' for inclusion (include_path='C:\xampp\php\PEAR') in C:\xampp\htdocs\project.com\core\Router.php on line 54
[11-Mar-2021 20:14:22 Europe/Kiev] PHP Warning:  include_once(): Failed opening 'C:\xampp\htdocs\project.com/app/Controllers/ErrorController.php' for inclusion (include_path='C:\xampp\php\PEAR') in C:\xampp\htdocs\project.com\core\Router.php on line 54
[11-Mar-2021 20:14:22 Europe/Kiev] PHP Warning:  include_once(C:\xampp\htdocs\project.com/app/Controllers/ErrorController.php): failed to open stream: No such file or directory in C:\xampp\htdocs\project.com\core\Router.php on line 54
[11-Mar-2021 20:14:22 Europe/Kiev] PHP Warning:  include_once(C:\xampp\htdocs\project.com/app/Controllers/ErrorController.php): failed to open stream: No such file or directory in C:\xampp\htdocs\project.com\core\Router.php on line 54
[11-Mar-2021 20:14:22 Europe/Kiev] PHP Warning:  include_once(C:\xampp\htdocs\project.com/app/Controllers/ErrorController.php): failed to open stream: No such file or directory in C:\xampp\htdocs\project.com\core\Router.php on line 54
[11-Mar-2021 20:14:22 Europe/Kiev] PHP Warning:  include_once(C:\xampp\htdocs\project.com/app/Controllers/ErrorController.php): failed to open stream: No such file or directory in C:\xampp\htdocs\project.com\core\Router.php on line 54
[11-Mar-2021 20:14:22 Europe/Kiev] PHP Warning:  include_once(C:\xampp\htdocs\project.com/app/Controllers/ErrorController.php): failed to open stream: No such file or directory in C:\xampp\htdocs\project.com\core\Router.php on line 54
[11-Mar-2021 20:14:22 Europe/Kiev] PHP Warning:  include_once(C:\xampp\htdocs\project.com/app/Controllers/ErrorController.php): failed to open stream: No such file or directory in C:\xampp\htdocs\project.com\core\Router.php on line 54
[11-Mar-2021 20:14:22 Europe/Kiev] PHP Warning:  include_once(): Failed opening 'C:\xampp\htdocs\project.com/app/Controllers/ErrorController.php' for inclusion (include_path='C:\xampp\php\PEAR') in C:\xampp\htdocs\project.com\core\Router.php on line 54
[11-Mar-2021 20:14:22 Europe/Kiev] PHP Warning:  include_once(): Failed opening 'C:\xampp\htdocs\project.com/app/Controllers/ErrorController.php' for inclusion (include_path='C:\xampp\php\PEAR') in C:\xampp\htdocs\project.com\core\Router.php on line 54
[11-Mar-2021 20:14:22 Europe/Kiev] PHP Warning:  include_once(): Failed opening 'C:\xampp\htdocs\project.com/app/Controllers/ErrorController.php' for inclusion (include_path='C:\xampp\php\PEAR') in C:\xampp\htdocs\project.com\core\Router.php on line 54
[11-Mar-2021 20:14:22 Europe/Kiev] PHP Warning:  include_once(): Failed opening 'C:\xampp\htdocs\project.com/app/Controllers/ErrorController.php' for inclusion (include_path='C:\xampp\php\PEAR') in C:\xampp\htdocs\project.com\core\Router.php on line 54
[11-Mar-2021 20:14:22 Europe/Kiev] PHP Warning:  include_once(): Failed opening 'C:\xampp\htdocs\project.com/app/Controllers/ErrorController.php' for inclusion (include_path='C:\xampp\php\PEAR') in C:\xampp\htdocs\project.com\core\Router.php on line 54
[11-Mar-2021 20:14:22 Europe/Kiev] PHP Warning:  include_once(): Failed opening 'C:\xampp\htdocs\project.com/app/Controllers/ErrorController.php' for inclusion (include_path='C:\xampp\php\PEAR') in C:\xampp\htdocs\project.com\core\Router.php on line 54
[11-Mar-2021 20:14:22 Europe/Kiev] PHP Warning:  include_once(C:\xampp\htdocs\project.com/app/Controllers/ErrorController.php): failed to open stream: No such file or directory in C:\xampp\htdocs\project.com\core\Router.php on line 54
[11-Mar-2021 20:14:22 Europe/Kiev] PHP Warning:  include_once(): Failed opening 'C:\xampp\htdocs\project.com/app/Controllers/ErrorController.php' for inclusion (include_path='C:\xampp\php\PEAR') in C:\xampp\htdocs\project.com\core\Router.php on line 54
[11-Mar-2021 20:14:29 Europe/Kiev] PHP Warning:  include_once(C:\xampp\htdocs\project.com/app/Controllers/ErrorController.php): failed to open stream: No such file or directory in C:\xampp\htdocs\project.com\core\Router.php on line 54
[11-Mar-2021 20:14:29 Europe/Kiev] PHP Warning:  include_once(C:\xampp\htdocs\project.com/app/Controllers/ErrorController.php): failed to open stream: No such file or directory in C:\xampp\htdocs\project.com\core\Router.php on line 54
[11-Mar-2021 20:14:29 Europe/Kiev] PHP Warning:  include_once(C:\xampp\htdocs\project.com/app/Controllers/ErrorController.php): failed to open stream: No such file or directory in C:\xampp\htdocs\project.com\core\Router.php on line 54
[11-Mar-2021 20:14:29 Europe/Kiev] PHP Warning:  include_once(C:\xampp\htdocs\project.com/app/Controllers/ErrorController.php): failed to open stream: No such file or directory in C:\xampp\htdocs\project.com\core\Router.php on line 54
[11-Mar-2021 20:14:29 Europe/Kiev] PHP Warning:  include_once(C:\xampp\htdocs\project.com/app/Controllers/ErrorController.php): failed to open stream: No such file or directory in C:\xampp\htdocs\project.com\core\Router.php on line 54
[11-Mar-2021 20:14:29 Europe/Kiev] PHP Warning:  include_once(C:\xampp\htdocs\project.com/app/Controllers/ErrorController.php): failed to open stream: No such file or directory in C:\xampp\htdocs\project.com\core\Router.php on line 54
[11-Mar-2021 20:14:29 Europe/Kiev] PHP Warning:  include_once(): Failed opening 'C:\xampp\htdocs\project.com/app/Controllers/ErrorController.php' for inclusion (include_path='C:\xampp\php\PEAR') in C:\xampp\htdocs\project.com\core\Router.php on line 54
[11-Mar-2021 20:14:29 Europe/Kiev] PHP Warning:  include_once(): Failed opening 'C:\xampp\htdocs\project.com/app/Controllers/ErrorController.php' for inclusion (include_path='C:\xampp\php\PEAR') in C:\xampp\htdocs\project.com\core\Router.php on line 54
[11-Mar-2021 20:14:29 Europe/Kiev] PHP Warning:  include_once(): Failed opening 'C:\xampp\htdocs\project.com/app/Controllers/ErrorController.php' for inclusion (include_path='C:\xampp\php\PEAR') in C:\xampp\htdocs\project.com\core\Router.php on line 54
[11-Mar-2021 20:14:29 Europe/Kiev] PHP Warning:  include_once(): Failed opening 'C:\xampp\htdocs\project.com/app/Controllers/ErrorController.php' for inclusion (include_path='C:\xampp\php\PEAR') in C:\xampp\htdocs\project.com\core\Router.php on line 54
[11-Mar-2021 20:14:29 Europe/Kiev] PHP Warning:  include_once(): Failed opening 'C:\xampp\htdocs\project.com/app/Controllers/ErrorController.php' for inclusion (include_path='C:\xampp\php\PEAR') in C:\xampp\htdocs\project.com\core\Router.php on line 54
[11-Mar-2021 20:14:29 Europe/Kiev] PHP Warning:  include_once(): Failed opening 'C:\xampp\htdocs\project.com/app/Controllers/ErrorController.php' for inclusion (include_path='C:\xampp\php\PEAR') in C:\xampp\htdocs\project.com\core\Router.php on line 54
[11-Mar-2021 20:14:29 Europe/Kiev] PHP Warning:  include_once(C:\xampp\htdocs\project.com/app/Controllers/ErrorController.php): failed to open stream: No such file or directory in C:\xampp\htdocs\project.com\core\Router.php on line 54
[11-Mar-2021 20:14:29 Europe/Kiev] PHP Warning:  include_once(C:\xampp\htdocs\project.com/app/Controllers/ErrorController.php): failed to open stream: No such file or directory in C:\xampp\htdocs\project.com\core\Router.php on line 54
[11-Mar-2021 20:14:29 Europe/Kiev] PHP Warning:  include_once(C:\xampp\htdocs\project.com/app/Controllers/ErrorController.php): failed to open stream: No such file or directory in C:\xampp\htdocs\project.com\core\Router.php on line 54
[11-Mar-2021 20:14:29 Europe/Kiev] PHP Warning:  include_once(C:\xampp\htdocs\project.com/app/Controllers/ErrorController.php): failed to open stream: No such file or directory in C:\xampp\htdocs\project.com\core\Router.php on line 54
[11-Mar-2021 20:14:29 Europe/Kiev] PHP Warning:  include_once(C:\xampp\htdocs\project.com/app/Controllers/ErrorController.php): failed to open stream: No such file or directory in C:\xampp\htdocs\project.com\core\Router.php on line 54
[11-Mar-2021 20:14:29 Europe/Kiev] PHP Warning:  include_once(C:\xampp\htdocs\project.com/app/Controllers/ErrorController.php): failed to open stream: No such file or directory in C:\xampp\htdocs\project.com\core\Router.php on line 54
[11-Mar-2021 20:14:29 Europe/Kiev] PHP Warning:  include_once(): Failed opening 'C:\xampp\htdocs\project.com/app/Controllers/ErrorController.php' for inclusion (include_path='C:\xampp\php\PEAR') in C:\xampp\htdocs\project.com\core\Router.php on line 54
[11-Mar-2021 20:14:29 Europe/Kiev] PHP Warning:  include_once(): Failed opening 'C:\xampp\htdocs\project.com/app/Controllers/ErrorController.php' for inclusion (include_path='C:\xampp\php\PEAR') in C:\xampp\htdocs\project.com\core\Router.php on line 54
[11-Mar-2021 20:14:29 Europe/Kiev] PHP Warning:  include_once(): Failed opening 'C:\xampp\htdocs\project.com/app/Controllers/ErrorController.php' for inclusion (include_path='C:\xampp\php\PEAR') in C:\xampp\htdocs\project.com\core\Router.php on line 54
[11-Mar-2021 20:14:29 Europe/Kiev] PHP Warning:  include_once(): Failed opening 'C:\xampp\htdocs\project.com/app/Controllers/ErrorController.php' for inclusion (include_path='C:\xampp\php\PEAR') in C:\xampp\htdocs\project.com\core\Router.php on line 54
[11-Mar-2021 20:14:29 Europe/Kiev] PHP Warning:  include_once(): Failed opening 'C:\xampp\htdocs\project.com/app/Controllers/ErrorController.php' for inclusion (include_path='C:\xampp\php\PEAR') in C:\xampp\htdocs\project.com\core\Router.php on line 54
[11-Mar-2021 20:14:29 Europe/Kiev] PHP Warning:  include_once(): Failed opening 'C:\xampp\htdocs\project.com/app/Controllers/ErrorController.php' for inclusion (include_path='C:\xampp\php\PEAR') in C:\xampp\htdocs\project.com\core\Router.php on line 54
[11-Mar-2021 20:14:29 Europe/Kiev] PHP Warning:  include_once(C:\xampp\htdocs\project.com/app/Controllers/ErrorController.php): failed to open stream: No such file or directory in C:\xampp\htdocs\project.com\core\Router.php on line 54
[11-Mar-2021 20:14:29 Europe/Kiev] PHP Warning:  include_once(C:\xampp\htdocs\project.com/app/Controllers/ErrorController.php): failed to open stream: No such file or directory in C:\xampp\htdocs\project.com\core\Router.php on line 54
[11-Mar-2021 20:14:29 Europe/Kiev] PHP Warning:  include_once(C:\xampp\htdocs\project.com/app/Controllers/ErrorController.php): failed to open stream: No such file or directory in C:\xampp\htdocs\project.com\core\Router.php on line 54
[11-Mar-2021 20:14:29 Europe/Kiev] PHP Warning:  include_once(C:\xampp\htdocs\project.com/app/Controllers/ErrorController.php): failed to open stream: No such file or directory in C:\xampp\htdocs\project.com\core\Router.php on line 54
[11-Mar-2021 20:14:30 Europe/Kiev] PHP Warning:  include_once(): Failed opening 'C:\xampp\htdocs\project.com/app/Controllers/ErrorController.php' for inclusion (include_path='C:\xampp\php\PEAR') in C:\xampp\htdocs\project.com\core\Router.php on line 54
[11-Mar-2021 20:14:30 Europe/Kiev] PHP Warning:  include_once(C:\xampp\htdocs\project.com/app/Controllers/ErrorController.php): failed to open stream: No such file or directory in C:\xampp\htdocs\project.com\core\Router.php on line 54
[11-Mar-2021 20:14:30 Europe/Kiev] PHP Warning:  include_once(C:\xampp\htdocs\project.com/app/Controllers/ErrorController.php): failed to open stream: No such file or directory in C:\xampp\htdocs\project.com\core\Router.php on line 54
[11-Mar-2021 20:14:30 Europe/Kiev] PHP Warning:  include_once(): Failed opening 'C:\xampp\htdocs\project.com/app/Controllers/ErrorController.php' for inclusion (include_path='C:\xampp\php\PEAR') in C:\xampp\htdocs\project.com\core\Router.php on line 54
[11-Mar-2021 20:14:30 Europe/Kiev] PHP Warning:  include_once(): Failed opening 'C:\xampp\htdocs\project.com/app/Controllers/ErrorController.php' for inclusion (include_path='C:\xampp\php\PEAR') in C:\xampp\htdocs\project.com\core\Router.php on line 54
[11-Mar-2021 20:14:30 Europe/Kiev] PHP Warning:  include_once(): Failed opening 'C:\xampp\htdocs\project.com/app/Controllers/ErrorController.php' for inclusion (include_path='C:\xampp\php\PEAR') in C:\xampp\htdocs\project.com\core\Router.php on line 54
[11-Mar-2021 20:14:30 Europe/Kiev] PHP Warning:  include_once(C:\xampp\htdocs\project.com/app/Controllers/ErrorController.php): failed to open stream: No such file or directory in C:\xampp\htdocs\project.com\core\Router.php on line 54
[11-Mar-2021 20:14:30 Europe/Kiev] PHP Warning:  include_once(): Failed opening 'C:\xampp\htdocs\project.com/app/Controllers/ErrorController.php' for inclusion (include_path='C:\xampp\php\PEAR') in C:\xampp\htdocs\project.com\core\Router.php on line 54
[11-Mar-2021 20:14:30 Europe/Kiev] PHP Warning:  include_once(): Failed opening 'C:\xampp\htdocs\project.com/app/Controllers/ErrorController.php' for inclusion (include_path='C:\xampp\php\PEAR') in C:\xampp\htdocs\project.com\core\Router.php on line 54
[11-Mar-2021 20:14:30 Europe/Kiev] PHP Warning:  include_once(C:\xampp\htdocs\project.com/app/Controllers/ErrorController.php): failed to open stream: No such file or directory in C:\xampp\htdocs\project.com\core\Router.php on line 54
[11-Mar-2021 20:14:30 Europe/Kiev] PHP Warning:  include_once(C:\xampp\htdocs\project.com/app/Controllers/ErrorController.php): failed to open stream: No such file or directory in C:\xampp\htdocs\project.com\core\Router.php on line 54
[11-Mar-2021 20:14:30 Europe/Kiev] PHP Warning:  include_once(C:\xampp\htdocs\project.com/app/Controllers/ErrorController.php): failed to open stream: No such file or directory in C:\xampp\htdocs\project.com\core\Router.php on line 54
[11-Mar-2021 20:14:30 Europe/Kiev] PHP Warning:  include_once(): Failed opening 'C:\xampp\htdocs\project.com/app/Controllers/ErrorController.php' for inclusion (include_path='C:\xampp\php\PEAR') in C:\xampp\htdocs\project.com\core\Router.php on line 54
[11-Mar-2021 20:14:30 Europe/Kiev] PHP Warning:  include_once(): Failed opening 'C:\xampp\htdocs\project.com/app/Controllers/ErrorController.php' for inclusion (include_path='C:\xampp\php\PEAR') in C:\xampp\htdocs\project.com\core\Router.php on line 54
[11-Mar-2021 20:14:30 Europe/Kiev] PHP Warning:  include_once(): Failed opening 'C:\xampp\htdocs\project.com/app/Controllers/ErrorController.php' for inclusion (include_path='C:\xampp\php\PEAR') in C:\xampp\htdocs\project.com\core\Router.php on line 54
[11-Mar-2021 20:14:30 Europe/Kiev] PHP Warning:  include_once(C:\xampp\htdocs\project.com/app/Controllers/ErrorController.php): failed to open stream: No such file or directory in C:\xampp\htdocs\project.com\core\Router.php on line 54
[11-Mar-2021 20:14:30 Europe/Kiev] PHP Warning:  include_once(C:\xampp\htdocs\project.com/app/Controllers/ErrorController.php): failed to open stream: No such file or directory in C:\xampp\htdocs\project.com\core\Router.php on line 54
[11-Mar-2021 20:14:30 Europe/Kiev] PHP Warning:  include_once(): Failed opening 'C:\xampp\htdocs\project.com/app/Controllers/ErrorController.php' for inclusion (include_path='C:\xampp\php\PEAR') in C:\xampp\htdocs\project.com\core\Router.php on line 54
[11-Mar-2021 20:14:30 Europe/Kiev] PHP Warning:  include_once(): Failed opening 'C:\xampp\htdocs\project.com/app/Controllers/ErrorController.php' for inclusion (include_path='C:\xampp\php\PEAR') in C:\xampp\htdocs\project.com\core\Router.php on line 54
[11-Mar-2021 20:14:30 Europe/Kiev] PHP Warning:  include_once(): Failed opening 'C:\xampp\htdocs\project.com/app/Controllers/ErrorController.php' for inclusion (include_path='C:\xampp\php\PEAR') in C:\xampp\htdocs\project.com\core\Router.php on line 54
[11-Mar-2021 20:16:18 Europe/Kiev] PHP Warning:  include_once(C:\xampp\htdocs\project.com/app/Controllers/ErrorController.php): failed to open stream: No such file or directory in C:\xampp\htdocs\project.com\core\Router.php on line 54
[11-Mar-2021 20:16:18 Europe/Kiev] PHP Warning:  include_once(C:\xampp\htdocs\project.com/app/Controllers/ErrorController.php): failed to open stream: No such file or directory in C:\xampp\htdocs\project.com\core\Router.php on line 54
[11-Mar-2021 20:16:18 Europe/Kiev] PHP Warning:  include_once(C:\xampp\htdocs\project.com/app/Controllers/ErrorController.php): failed to open stream: No such file or directory in C:\xampp\htdocs\project.com\core\Router.php on line 54
[11-Mar-2021 20:16:18 Europe/Kiev] PHP Warning:  include_once(C:\xampp\htdocs\project.com/app/Controllers/ErrorController.php): failed to open stream: No such file or directory in C:\xampp\htdocs\project.com\core\Router.php on line 54
[11-Mar-2021 20:16:18 Europe/Kiev] PHP Warning:  include_once(C:\xampp\htdocs\project.com/app/Controllers/ErrorController.php): failed to open stream: No such file or directory in C:\xampp\htdocs\project.com\core\Router.php on line 54
[11-Mar-2021 20:16:18 Europe/Kiev] PHP Warning:  include_once(C:\xampp\htdocs\project.com/app/Controllers/ErrorController.php): failed to open stream: No such file or directory in C:\xampp\htdocs\project.com\core\Router.php on line 54
[11-Mar-2021 20:16:18 Europe/Kiev] PHP Warning:  include_once(): Failed opening 'C:\xampp\htdocs\project.com/app/Controllers/ErrorController.php' for inclusion (include_path='C:\xampp\php\PEAR') in C:\xampp\htdocs\project.com\core\Router.php on line 54
[11-Mar-2021 20:16:18 Europe/Kiev] PHP Warning:  include_once(): Failed opening 'C:\xampp\htdocs\project.com/app/Controllers/ErrorController.php' for inclusion (include_path='C:\xampp\php\PEAR') in C:\xampp\htdocs\project.com\core\Router.php on line 54
[11-Mar-2021 20:16:18 Europe/Kiev] PHP Warning:  include_once(): Failed opening 'C:\xampp\htdocs\project.com/app/Controllers/ErrorController.php' for inclusion (include_path='C:\xampp\php\PEAR') in C:\xampp\htdocs\project.com\core\Router.php on line 54
[11-Mar-2021 20:16:18 Europe/Kiev] PHP Warning:  include_once(): Failed opening 'C:\xampp\htdocs\project.com/app/Controllers/ErrorController.php' for inclusion (include_path='C:\xampp\php\PEAR') in C:\xampp\htdocs\project.com\core\Router.php on line 54
[11-Mar-2021 20:16:18 Europe/Kiev] PHP Warning:  include_once(): Failed opening 'C:\xampp\htdocs\project.com/app/Controllers/ErrorController.php' for inclusion (include_path='C:\xampp\php\PEAR') in C:\xampp\htdocs\project.com\core\Router.php on line 54
[11-Mar-2021 20:16:18 Europe/Kiev] PHP Warning:  include_once(): Failed opening 'C:\xampp\htdocs\project.com/app/Controllers/ErrorController.php' for inclusion (include_path='C:\xampp\php\PEAR') in C:\xampp\htdocs\project.com\core\Router.php on line 54
[11-Mar-2021 20:16:18 Europe/Kiev] PHP Warning:  include_once(C:\xampp\htdocs\project.com/app/Controllers/ErrorController.php): failed to open stream: No such file or directory in C:\xampp\htdocs\project.com\core\Router.php on line 54
[11-Mar-2021 20:16:18 Europe/Kiev] PHP Warning:  include_once(C:\xampp\htdocs\project.com/app/Controllers/ErrorController.php): failed to open stream: No such file or directory in C:\xampp\htdocs\project.com\core\Router.php on line 54
[11-Mar-2021 20:16:18 Europe/Kiev] PHP Warning:  include_once(C:\xampp\htdocs\project.com/app/Controllers/ErrorController.php): failed to open stream: No such file or directory in C:\xampp\htdocs\project.com\core\Router.php on line 54
[11-Mar-2021 20:16:18 Europe/Kiev] PHP Warning:  include_once(C:\xampp\htdocs\project.com/app/Controllers/ErrorController.php): failed to open stream: No such file or directory in C:\xampp\htdocs\project.com\core\Router.php on line 54
[11-Mar-2021 20:16:18 Europe/Kiev] PHP Warning:  include_once(C:\xampp\htdocs\project.com/app/Controllers/ErrorController.php): failed to open stream: No such file or directory in C:\xampp\htdocs\project.com\core\Router.php on line 54
[11-Mar-2021 20:16:18 Europe/Kiev] PHP Warning:  include_once(C:\xampp\htdocs\project.com/app/Controllers/ErrorController.php): failed to open stream: No such file or directory in C:\xampp\htdocs\project.com\core\Router.php on line 54
[11-Mar-2021 20:16:18 Europe/Kiev] PHP Warning:  include_once(): Failed opening 'C:\xampp\htdocs\project.com/app/Controllers/ErrorController.php' for inclusion (include_path='C:\xampp\php\PEAR') in C:\xampp\htdocs\project.com\core\Router.php on line 54
[11-Mar-2021 20:16:18 Europe/Kiev] PHP Warning:  include_once(): Failed opening 'C:\xampp\htdocs\project.com/app/Controllers/ErrorController.php' for inclusion (include_path='C:\xampp\php\PEAR') in C:\xampp\htdocs\project.com\core\Router.php on line 54
[11-Mar-2021 20:16:18 Europe/Kiev] PHP Warning:  include_once(): Failed opening 'C:\xampp\htdocs\project.com/app/Controllers/ErrorController.php' for inclusion (include_path='C:\xampp\php\PEAR') in C:\xampp\htdocs\project.com\core\Router.php on line 54
[11-Mar-2021 20:16:18 Europe/Kiev] PHP Warning:  include_once(): Failed opening 'C:\xampp\htdocs\project.com/app/Controllers/ErrorController.php' for inclusion (include_path='C:\xampp\php\PEAR') in C:\xampp\htdocs\project.com\core\Router.php on line 54
[11-Mar-2021 20:16:18 Europe/Kiev] PHP Warning:  include_once(): Failed opening 'C:\xampp\htdocs\project.com/app/Controllers/ErrorController.php' for inclusion (include_path='C:\xampp\php\PEAR') in C:\xampp\htdocs\project.com\core\Router.php on line 54
[11-Mar-2021 20:16:18 Europe/Kiev] PHP Warning:  include_once(): Failed opening 'C:\xampp\htdocs\project.com/app/Controllers/ErrorController.php' for inclusion (include_path='C:\xampp\php\PEAR') in C:\xampp\htdocs\project.com\core\Router.php on line 54
[11-Mar-2021 20:16:18 Europe/Kiev] PHP Warning:  include_once(C:\xampp\htdocs\project.com/app/Controllers/ErrorController.php): failed to open stream: No such file or directory in C:\xampp\htdocs\project.com\core\Router.php on line 54
[11-Mar-2021 20:16:18 Europe/Kiev] PHP Warning:  include_once(C:\xampp\htdocs\project.com/app/Controllers/ErrorController.php): failed to open stream: No such file or directory in C:\xampp\htdocs\project.com\core\Router.php on line 54
[11-Mar-2021 20:16:18 Europe/Kiev] PHP Warning:  include_once(C:\xampp\htdocs\project.com/app/Controllers/ErrorController.php): failed to open stream: No such file or directory in C:\xampp\htdocs\project.com\core\Router.php on line 54
[11-Mar-2021 20:16:18 Europe/Kiev] PHP Warning:  include_once(C:\xampp\htdocs\project.com/app/Controllers/ErrorController.php): failed to open stream: No such file or directory in C:\xampp\htdocs\project.com\core\Router.php on line 54
[11-Mar-2021 20:16:18 Europe/Kiev] PHP Warning:  include_once(C:\xampp\htdocs\project.com/app/Controllers/ErrorController.php): failed to open stream: No such file or directory in C:\xampp\htdocs\project.com\core\Router.php on line 54
[11-Mar-2021 20:16:18 Europe/Kiev] PHP Warning:  include_once(C:\xampp\htdocs\project.com/app/Controllers/ErrorController.php): failed to open stream: No such file or directory in C:\xampp\htdocs\project.com\core\Router.php on line 54
[11-Mar-2021 20:16:18 Europe/Kiev] PHP Warning:  include_once(): Failed opening 'C:\xampp\htdocs\project.com/app/Controllers/ErrorController.php' for inclusion (include_path='C:\xampp\php\PEAR') in C:\xampp\htdocs\project.com\core\Router.php on line 54
[11-Mar-2021 20:16:18 Europe/Kiev] PHP Warning:  include_once(): Failed opening 'C:\xampp\htdocs\project.com/app/Controllers/ErrorController.php' for inclusion (include_path='C:\xampp\php\PEAR') in C:\xampp\htdocs\project.com\core\Router.php on line 54
[11-Mar-2021 20:16:18 Europe/Kiev] PHP Warning:  include_once(): Failed opening 'C:\xampp\htdocs\project.com/app/Controllers/ErrorController.php' for inclusion (include_path='C:\xampp\php\PEAR') in C:\xampp\htdocs\project.com\core\Router.php on line 54
[11-Mar-2021 20:16:18 Europe/Kiev] PHP Warning:  include_once(): Failed opening 'C:\xampp\htdocs\project.com/app/Controllers/ErrorController.php' for inclusion (include_path='C:\xampp\php\PEAR') in C:\xampp\htdocs\project.com\core\Router.php on line 54
[11-Mar-2021 20:16:18 Europe/Kiev] PHP Warning:  include_once(): Failed opening 'C:\xampp\htdocs\project.com/app/Controllers/ErrorController.php' for inclusion (include_path='C:\xampp\php\PEAR') in C:\xampp\htdocs\project.com\core\Router.php on line 54
[11-Mar-2021 20:16:18 Europe/Kiev] PHP Warning:  include_once(): Failed opening 'C:\xampp\htdocs\project.com/app/Controllers/ErrorController.php' for inclusion (include_path='C:\xampp\php\PEAR') in C:\xampp\htdocs\project.com\core\Router.php on line 54
[11-Mar-2021 20:16:18 Europe/Kiev] PHP Warning:  include_once(C:\xampp\htdocs\project.com/app/Controllers/ErrorController.php): failed to open stream: No such file or directory in C:\xampp\htdocs\project.com\core\Router.php on line 54
[11-Mar-2021 20:16:18 Europe/Kiev] PHP Warning:  include_once(C:\xampp\htdocs\project.com/app/Controllers/ErrorController.php): failed to open stream: No such file or directory in C:\xampp\htdocs\project.com\core\Router.php on line 54
[11-Mar-2021 20:16:18 Europe/Kiev] PHP Warning:  include_once(C:\xampp\htdocs\project.com/app/Controllers/ErrorController.php): failed to open stream: No such file or directory in C:\xampp\htdocs\project.com\core\Router.php on line 54
[11-Mar-2021 20:16:18 Europe/Kiev] PHP Warning:  include_once(C:\xampp\htdocs\project.com/app/Controllers/ErrorController.php): failed to open stream: No such file or directory in C:\xampp\htdocs\project.com\core\Router.php on line 54
[11-Mar-2021 20:16:18 Europe/Kiev] PHP Warning:  include_once(C:\xampp\htdocs\project.com/app/Controllers/ErrorController.php): failed to open stream: No such file or directory in C:\xampp\htdocs\project.com\core\Router.php on line 54
[11-Mar-2021 20:16:18 Europe/Kiev] PHP Warning:  include_once(): Failed opening 'C:\xampp\htdocs\project.com/app/Controllers/ErrorController.php' for inclusion (include_path='C:\xampp\php\PEAR') in C:\xampp\htdocs\project.com\core\Router.php on line 54
[11-Mar-2021 20:16:18 Europe/Kiev] PHP Warning:  include_once(): Failed opening 'C:\xampp\htdocs\project.com/app/Controllers/ErrorController.php' for inclusion (include_path='C:\xampp\php\PEAR') in C:\xampp\htdocs\project.com\core\Router.php on line 54
[11-Mar-2021 20:16:18 Europe/Kiev] PHP Warning:  include_once(): Failed opening 'C:\xampp\htdocs\project.com/app/Controllers/ErrorController.php' for inclusion (include_path='C:\xampp\php\PEAR') in C:\xampp\htdocs\project.com\core\Router.php on line 54
[11-Mar-2021 20:16:18 Europe/Kiev] PHP Warning:  include_once(): Failed opening 'C:\xampp\htdocs\project.com/app/Controllers/ErrorController.php' for inclusion (include_path='C:\xampp\php\PEAR') in C:\xampp\htdocs\project.com\core\Router.php on line 54
[11-Mar-2021 20:16:18 Europe/Kiev] PHP Warning:  include_once(C:\xampp\htdocs\project.com/app/Controllers/ErrorController.php): failed to open stream: No such file or directory in C:\xampp\htdocs\project.com\core\Router.php on line 54
[11-Mar-2021 20:16:18 Europe/Kiev] PHP Warning:  include_once(): Failed opening 'C:\xampp\htdocs\project.com/app/Controllers/ErrorController.php' for inclusion (include_path='C:\xampp\php\PEAR') in C:\xampp\htdocs\project.com\core\Router.php on line 54
[11-Mar-2021 20:16:18 Europe/Kiev] PHP Warning:  include_once(): Failed opening 'C:\xampp\htdocs\project.com/app/Controllers/ErrorController.php' for inclusion (include_path='C:\xampp\php\PEAR') in C:\xampp\htdocs\project.com\core\Router.php on line 54
